Building DAG of jobs...
Subworkflow phyluce_workflow: Nothing to be done (all requested files are present and up to date).
Executing main workflow.
Using shell: /usr/bin/bash
Provided cores: 2
Rules claiming more threads will be scaled down.
Provided resources: mem_mb=169061, mem_mib=161230, disk_mb=169061, disk_mib=161230
Conda environments: ignored
Select jobs to execute...
Building DAG of jobs...
Subworkflow phyluce_workflow: Nothing to be done (all requested files are present and up to date).
Executing main workflow.
Using shell: /usr/bin/bash
Provided cores: 1 (use --cores to define parallelism)
Rules claiming more threads will be scaled down.
Provided resources: mem_mb=169061, mem_mib=161230, disk_mb=169061, disk_mib=161230
Conda environments: ignored
Select jobs to execute...

[Tue Feb 21 12:17:52 2023]
rule fastq_trimming:
    input: /home/sspeak/projects/joint/ss_lpa_shared/passenger_pigeon/fastq/SRR1303448.fastq
    output: trimmed_reads/SRR1303448_trimmed.fastq
    log: logs/seq_prep/SRR1303448.log
    jobid: 0
    reason: Missing output files: trimmed_reads/SRR1303448_trimmed.fastq
    wildcards: sample=SRR1303448
    resources: mem_mb=169061, mem_mib=161230, disk_mb=169061, disk_mib=161230, tmpdir=/tmp/sspeak_5970205, slurm_account=cropdiv-acc, slurm_partition=short

/usr/bin/bash: -c: line 0: syntax error near unexpected token `"-M 0.05 -N 0.75 -m 0.8 -n 0.02 -X 0.25 -Z 26"'
/usr/bin/bash: -c: line 0: `set -euo pipefail;  (SeqPrep ("-M 0.05 -N 0.75 -m 0.8 -n 0.02 -X 0.25 -Z 26") -f /home/sspeak/projects/joint/ss_lpa_shared/passenger_pigeon/fastq/SRR1303448.fastq -r /home/sspeak/projects/joint/ss_lpa_shared/passenger_pigeon/fastq/SRR1303448.fastq -1 trimmed_reads/SRR1303448_trimmed.fastq -2 2_trimmed_reads/SRR1303448_trimmed.fastq) 2> logs/seq_prep/SRR1303448.log'
[Tue Feb 21 12:17:52 2023]
Error in rule fastq_trimming:
    jobid: 0
    input: /home/sspeak/projects/joint/ss_lpa_shared/passenger_pigeon/fastq/SRR1303448.fastq
    output: trimmed_reads/SRR1303448_trimmed.fastq
    log: logs/seq_prep/SRR1303448.log (check log file(s) for error details)
    shell:
        (SeqPrep ("-M 0.05 -N 0.75 -m 0.8 -n 0.02 -X 0.25 -Z 26") -f /home/sspeak/projects/joint/ss_lpa_shared/passenger_pigeon/fastq/SRR1303448.fastq -r /home/sspeak/projects/joint/ss_lpa_shared/passenger_pigeon/fastq/SRR1303448.fastq -1 trimmed_reads/SRR1303448_trimmed.fastq -2 2_trimmed_reads/SRR1303448_trimmed.fastq) 2> logs/seq_prep/SRR1303448.log
        (one of the commands exited with non-zero exit code; note that snakemake uses bash strict mode!)

Shutting down, this might take some time.
Exiting because a job execution failed. Look above for error message
srun: error: n19-32-192-antman: task 0: Exited with exit code 1
[Tue Feb 21 12:17:52 2023]
Error in rule fastq_trimming:
    jobid: 0
    input: /home/sspeak/projects/joint/ss_lpa_shared/passenger_pigeon/fastq/SRR1303448.fastq
    output: trimmed_reads/SRR1303448_trimmed.fastq
    log: logs/seq_prep/SRR1303448.log (check log file(s) for error details)
    shell:
        (SeqPrep ("-M 0.05 -N 0.75 -m 0.8 -n 0.02 -X 0.25 -Z 26") -f /home/sspeak/projects/joint/ss_lpa_shared/passenger_pigeon/fastq/SRR1303448.fastq -r /home/sspeak/projects/joint/ss_lpa_shared/passenger_pigeon/fastq/SRR1303448.fastq -1 trimmed_reads/SRR1303448_trimmed.fastq -2 2_trimmed_reads/SRR1303448_trimmed.fastq) 2> logs/seq_prep/SRR1303448.log
        (one of the commands exited with non-zero exit code; note that snakemake uses bash strict mode!)

Shutting down, this might take some time.
Exiting because a job execution failed. Look above for error message
