Building DAG of jobs...
Subworkflow phyluce_workflow: Nothing to be done (all requested files are present and up to date).
Executing main workflow.
Using shell: /usr/bin/bash
Conda environments: ignored
Job stats:
job               count    min threads    max threads
--------------  -------  -------------  -------------
fastq_trimming        1              1              1
total                 1              1              1

Select jobs to execute...

[Wed Feb 22 17:02:48 2023]
rule fastq_trimming:
    input: /home/sspeak/projects/joint/ss_lpa_shared/passenger_pigeon/fastq/SRR1303448.fastq
    output: trimmed_reads/SRR1303448_trimmed.fq.gz
    log: logs/seq_prep/SRR1303448.log
    jobid: 0
    reason: Missing output files: trimmed_reads/SRR1303448_trimmed.fq.gz
    wildcards: sample=SRR1303448
    resources: mem_mb=2000, mem_mib=1908, disk_mb=169061, disk_mib=161230, tmpdir=<TBD>, slurm_account=cropdiv-acc, slurm_partition=short, runtime=30

Job 0 has been submitted with SLURM jobid 5992876 (log: .snakemake/slurm_logs/rule_fastq_trimming/5992876.log)
[Wed Feb 22 17:33:27 2023]
Error in rule fastq_trimming:
    message: SLURM-job '5992876' failed, SLURM status is: 'TIMEOUT'
    jobid: 0
    input: /home/sspeak/projects/joint/ss_lpa_shared/passenger_pigeon/fastq/SRR1303448.fastq
    output: trimmed_reads/SRR1303448_trimmed.fq.gz
    log: logs/seq_prep/SRR1303448.log, .snakemake/slurm_logs/rule_fastq_trimming/5992876.log (check log file(s) for error details)
    shell:
        (SeqPrep -M 0.05 -N 0.75 -m 0.8 -n 0.02 -X 0.25 -Z 26 -f /home/sspeak/projects/joint/ss_lpa_shared/passenger_pigeon/fastq/SRR1303448.fastq -r /home/sspeak/projects/joint/ss_lpa_shared/passenger_pigeon/fastq/SRR1303448.fastq -1 trimmed_reads/SRR1303448_trimmed.fq.gz -2 2_trimmed_reads/SRR1303448_trimmed.fq.gz) 2> logs/seq_prep/SRR1303448.log
        (one of the commands exited with non-zero exit code; note that snakemake uses bash strict mode!)

Removing output files of failed job fastq_trimming since they might be corrupted:
trimmed_reads/SRR1303448_trimmed.fq.gz
Shutting down, this might take some time.
Exiting because a job execution failed. Look above for error message
Complete log: .snakemake/log/2023-02-22T170241.136731.snakemake.log
